❌ Dashboard error: Error: NEXT_REDIRECT
    at getRedirectError (webpack-internal:///(rsc)/./node_modules/next/dist/client/components/redirect.js:49:19)
    at redirect (webpack-internal:///(rsc)/./node_modules/next/dist/client/components/redirect.js:60:11)
    at DashboardPage (webpack-internal:///(rsc)/./app/dashboard/page.tsx:28:70)
    at process.processTicksAndRejections (node:internal/process/task_queues:105:5) {
  digest: 'NEXT_REDIRECT;replace;/login;307;',
  mutableCookies: p {
    _parsed: Map(2) {
      'next-auth.csrf-token' => [Object],
      'next-auth.callback-url' => [Object]
    },
    _headers: Headers {
      'set-cookie': 'next-auth.csrf-token=f80765dcfd49a6d184c67307eedfc87bc6118e3cb030cedf6475de5e10ecd181%7C1484c87bb378ea1e01594fcf09a1902dd6f5c4cc470d7797c2189e6eb80e9732; Path=/, next-auth.callback-url=http%3A%2F%2Flocalhost%3A3000%2Fdashboard; Path=/'
    }
  }
}
❌ Dashboard error: Error: NEXT_REDIRECT
    at getRedirectError (webpack-internal:///(rsc)/./node_modules/next/dist/client/components/redirect.js:49:19)
    at redirect (webpack-internal:///(rsc)/./node_modules/next/dist/client/components/redirect.js:60:11)
    at DashboardPage (webpack-internal:///(rsc)/./app/dashboard/page.tsx:28:70)
    at process.processTicksAndRejections (node:internal/process/task_queues:105:5) {
  digest: 'NEXT_REDIRECT;replace;/login;307;',
  mutableCookies: p { _parsed: Map(0) {}, _headers: Headers {} }
}
❌ Dashboard error: Error: NEXT_REDIRECT
    at getRedirectError (webpack-internal:///(rsc)/./node_modules/next/dist/client/components/redirect.js:49:19)
    at redirect (webpack-internal:///(rsc)/./node_modules/next/dist/client/components/redirect.js:60:11)
    at DashboardPage (webpack-internal:///(rsc)/./app/dashboard/page.tsx:28:70)
    at process.processTicksAndRejections (node:internal/process/task_queues:105:5) {
  digest: 'NEXT_REDIRECT;replace;/login;307;',
  mutableCookies: p { _parsed: Map(0) {}, _headers: Headers {} }
}
